PS C:\misisedu\cw-expert-recsys\lab03> & C:/Users/akper/AppData/Local/Programs/Python/Python312/python.exe c:/misisedu/cw-expert-recsys/lab03/bot.py
ะะฐะณััะถะตะฝะพ 1682 ะฝะฐะทะฒะฐะฝะธะน ัะธะปัะผะพะฒ
ะะฐะฝะฝัะต ะทะฐะณััะถะตะฝั, ะฑะพั ะทะฐะฟััะบะฐะตััั...
๐ ะะะะขะฃะะะฌะะซะ ะะะะฌะะะะะขะะะฌ ะฒัะฑัะฐะป ัะธะปัะผั: [50, 100, 1]
   - 50: Star Wars (1977)
   - 100: Fargo (1996)
   - 1: Toy Story (1995)
๐ฅ ะะฐะฝะดะธะดะฐัะพะฒ ะดะปั ััะฐะฒะฝะตะฝะธั: 727 ะฟะพะปัะทะพะฒะฐัะตะปะตะน
๐ฏ ะะฐะนะดะตะฝะพ ะฟะพัะพะถะธั ะฟะพะปัะทะพะฒะฐัะตะปะตะน: 20
   1. User 4: ััะพะดััะฒะพ 1.000, ะพัะตะฝะพะบ: 24
      - Seven (Se7en) (1995): 4.0
      - Star Wars (1977): 5.0
      - Indiana Jones and the Last Crusade (1989): 3.0
   2. User 8: ััะพะดััะฒะพ 1.000, ะพัะตะฝะพะบ: 59
      - Twelve Monkeys (1995): 3.0
      - Seven (Se7en) (1995): 3.0
      - Braveheart (1995): 5.0
   3. User 9: ััะพะดััะฒะพ 1.000, ะพัะตะฝะพะบ: 22
      - Shanghai Triad (Yao a yao yao dao waipo qiao) (1995): 5.0
      - Twelve Monkeys (1995): 4.0
      - Star Wars (1977): 5.0
   4. User 11: ััะพะดััะฒะพ 1.000, ะพัะตะฝะพะบ: 181
      - Babe (1995): 4.0
      - Dead Man Walking (1995): 5.0
      - Seven (Se7en) (1995): 2.0
   5. User 12: ััะพะดััะฒะพ 1.000, ะพัะตะฝะพะบ: 51
      - Get Shorty (1995): 5.0
      - Mr. Holland's Opus (1995): 5.0
      - Apollo 13 (1995): 5.0
๐ ะกะพะฑัะฐะฝะพ ะพัะตะฝะพะบ ะดะปั 589 ัะธะปัะผะพะฒ
๐ฌ ะคะธะปัะผ 11: 6 ะพัะตะฝะพะบ, total_similarity: 6.000
   ะัะธะผะตั ะพัะตะฝะพะบ: [(4.0, 1.0), (3.0, 1.0), (2.0, 1.0)]
   ะััะธัะปะตะฝะฝัะน ัะตะนัะธะฝะณ: 3.33
๐ฌ ะคะธะปัะผ 210: 8 ะพัะตะฝะพะบ, total_similarity: 8.000
   ะัะธะผะตั ะพัะตะฝะพะบ: [(3.0, 1.0), (4.0, 1.0), (4.0, 1.0)]
   ะััะธัะปะตะฝะฝัะน ัะตะนัะธะฝะณ: 3.62
๐ฌ ะคะธะปัะผ 258: 9 ะพัะตะฝะพะบ, total_similarity: 9.000
   ะัะธะผะตั ะพัะตะฝะพะบ: [(5.0, 1.0), (5.0, 1.0), (5.0, 1.0)]
   ะััะธัะปะตะฝะฝัะน ัะตะนัะธะฝะณ: 4.78
๐ฌ ะคะธะปัะผ 260: 3 ะพัะตะฝะพะบ, total_similarity: 3.000
๐ฌ ะคะธะปัะผ 288: 9 ะพัะตะฝะพะบ, total_similarity: 9.000
๐ฌ ะคะธะปัะผ 294: 9 ะพัะตะฝะพะบ, total_similarity: 9.000
๐ฌ ะคะธะปัะผ 300: 5 ะพัะตะฝะพะบ, total_similarity: 5.000
๐ฌ ะคะธะปัะผ 301: 5 ะพัะตะฝะพะบ, total_similarity: 5.000
๐ฌ ะคะธะปัะผ 324: 5 ะพัะตะฝะพะบ, total_similarity: 5.000
๐ฌ ะคะธะปัะผ 327: 3 ะพัะตะฝะพะบ, total_similarity: 3.000
๐ฌ ะคะธะปัะผ 328: 4 ะพัะตะฝะพะบ, total_similarity: 4.000
๐ฌ ะคะธะปัะผ 354: 2 ะพัะตะฝะพะบ, total_similarity: 2.000
๐ฌ ะคะธะปัะผ 356: 3 ะพัะตะฝะพะบ, total_similarity: 3.000
๐ฌ ะคะธะปัะผ 357: 6 ะพัะตะฝะพะบ, total_similarity: 6.000
๐ฌ ะคะธะปัะผ 358: 5 ะพัะตะฝะพะบ, total_similarity: 5.000
๐ฌ ะคะธะปัะผ 7: 11 ะพัะตะฝะพะบ, total_similarity: 11.000
๐ฌ ะคะธะปัะผ 22: 7 ะพัะตะฝะพะบ, total_similarity: 7.000
๐ฌ ะคะธะปัะผ 55: 3 ะพัะตะฝะพะบ, total_similarity: 3.000
๐ฌ ะคะธะปัะผ 56: 7 ะพัะตะฝะพะบ, total_similarity: 7.000
๐ฌ ะคะธะปัะผ 79: 8 ะพัะตะฝะพะบ, total_similarity: 8.000
๐ฌ ะคะธะปัะผ 82: 7 ะพัะตะฝะพะบ, total_similarity: 7.000
๐ฌ ะคะธะปัะผ 89: 5 ะพัะตะฝะพะบ, total_similarity: 5.000
๐ฌ ะคะธะปัะผ 96: 5 ะพัะตะฝะพะบ, total_similarity: 5.000
๐ฌ ะคะธะปัะผ 127: 7 ะพัะตะฝะพะบ, total_similarity: 7.000
๐ฌ ะคะธะปัะผ 144: 7 ะพัะตะฝะพะบ, total_similarity: 7.000
๐ฌ ะคะธะปัะผ 172: 9 ะพัะตะฝะพะบ, total_similarity: 9.000
๐ฌ ะคะธะปัะผ 174: 9 ะพัะตะฝะพะบ, total_similarity: 9.000
๐ฌ ะคะธะปัะผ 176: 7 ะพัะตะฝะพะบ, total_similarity: 7.000
๐ฌ ะคะธะปัะผ 181: 9 ะพัะตะฝะพะบ, total_similarity: 9.000
๐ฌ ะคะธะปัะผ 182: 2 ะพัะตะฝะพะบ, total_similarity: 2.000
๐ฌ ะคะธะปัะผ 183: 4 ะพัะตะฝะพะบ, total_similarity: 4.000
๐ฌ ะคะธะปัะผ 187: 3 ะพัะตะฝะพะบ, total_similarity: 3.000
๐ฌ ะคะธะปัะผ 188: 2 ะพัะตะฝะพะบ, total_similarity: 2.000
๐ฌ ะคะธะปัะผ 190: 2 ะพัะตะฝะพะบ, total_similarity: 2.000
๐ฌ ะคะธะปัะผ 195: 7 ะพัะตะฝะพะบ, total_similarity: 7.000
๐ฌ ะคะธะปัะผ 222: 5 ะพัะตะฝะพะบ, total_similarity: 5.000
๐ฌ ะคะธะปัะผ 227: 4 ะพัะตะฝะพะบ, total_similarity: 4.000
๐ฌ ะคะธะปัะผ 228: 6 ะพัะตะฝะพะบ, total_similarity: 6.000
๐ฌ ะคะธะปัะผ 229: 4 ะพัะตะฝะพะบ, total_similarity: 4.000
๐ฌ ะคะธะปัะผ 233: 3 ะพัะตะฝะพะบ, total_similarity: 3.000
๐ฌ ะคะธะปัะผ 241: 3 ะพัะตะฝะพะบ, total_similarity: 3.000
๐ฌ ะคะธะปัะผ 243: 4 ะพัะตะฝะพะบ, total_similarity: 4.000
๐ฌ ะคะธะปัะผ 259: 5 ะพัะตะฝะพะบ, total_similarity: 5.000
๐ฌ ะคะธะปัะผ 273: 4 ะพัะตะฝะพะบ, total_similarity: 4.000
๐ฌ ะคะธะปัะผ 385: 5 ะพัะตะฝะพะบ, total_similarity: 5.000
๐ฌ ะคะธะปัะผ 403: 6 ะพัะตะฝะพะบ, total_similarity: 6.000
๐ฌ ะคะธะปัะผ 431: 3 ะพัะตะฝะพะบ, total_similarity: 3.000
๐ฌ ะคะธะปัะผ 435: 5 ะพัะตะฝะพะบ, total_similarity: 5.000
๐ฌ ะคะธะปัะผ 510: 3 ะพัะตะฝะพะบ, total_similarity: 3.000
๐ฌ ะคะธะปัะผ 511: 4 ะพัะตะฝะพะบ, total_similarity: 4.000
๐ฌ ะคะธะปัะผ 518: 2 ะพัะตะฝะพะบ, total_similarity: 2.000
๐ฌ ะคะธะปัะผ 550: 4 ะพัะตะฝะพะบ, total_similarity: 4.000
๐ฌ ะคะธะปัะผ 566: 3 ะพัะตะฝะพะบ, total_similarity: 3.000
๐ฌ ะคะธะปัะผ 568: 4 ะพัะตะฝะพะบ, total_similarity: 4.000
๐ฌ ะคะธะปัะผ 651: 2 ะพัะตะฝะพะบ, total_similarity: 2.000
๐ฌ ะคะธะปัะผ 684: 4 ะพัะตะฝะพะบ, total_similarity: 4.000
๐ฌ ะคะธะปัะผ 685: 3 ะพัะตะฝะพะบ, total_similarity: 3.000
๐ฌ ะคะธะปัะผ 687: 2 ะพัะตะฝะพะบ, total_similarity: 2.000
๐ฌ ะคะธะปัะผ 688: 3 ะพัะตะฝะพะบ, total_similarity: 3.000
๐ฌ ะคะธะปัะผ 201: 2 ะพัะตะฝะพะบ, total_similarity: 2.000
๐ฌ ะคะธะปัะผ 242: 3 ะพัะตะฝะพะบ, total_similarity: 3.000
๐ฌ ะคะธะปัะผ 276: 7 ะพัะตะฝะพะบ, total_similarity: 7.000
๐ฌ ะคะธะปัะผ 286: 8 ะพัะตะฝะพะบ, total_similarity: 8.000
๐ฌ ะคะธะปัะผ 340: 2 ะพัะตะฝะพะบ, total_similarity: 2.000
๐ฌ ะคะธะปัะผ 402: 5 ะพัะตะฝะพะบ, total_similarity: 5.000
๐ฌ ะคะธะปัะผ 479: 4 ะพัะตะฝะพะบ, total_similarity: 4.000
๐ฌ ะคะธะปัะผ 483: 3 ะพัะตะฝะพะบ, total_similarity: 3.000
๐ฌ ะคะธะปัะผ 507: 2 ะพัะตะฝะพะบ, total_similarity: 2.000
๐ฌ ะคะธะปัะผ 521: 2 ะพัะตะฝะพะบ, total_similarity: 2.000
๐ฌ ะคะธะปัะผ 527: 4 ะพัะตะฝะพะบ, total_similarity: 4.000
๐ฌ ะคะธะปัะผ 615: 2 ะพัะตะฝะพะบ, total_similarity: 2.000
๐ฌ ะคะธะปัะผ 690: 4 ะพัะตะฝะพะบ, total_similarity: 4.000
๐ฌ ะคะธะปัะผ 8: 3 ะพัะตะฝะพะบ, total_similarity: 3.000
๐ฌ ะคะธะปัะผ 9: 6 ะพัะตะฝะพะบ, total_similarity: 6.000
๐ฌ ะคะธะปัะผ 12: 3 ะพัะตะฝะพะบ, total_similarity: 3.000
๐ฌ ะคะธะปัะผ 15: 7 ะพัะตะฝะพะบ, total_similarity: 7.000
๐ฌ ะคะธะปัะผ 24: 4 ะพัะตะฝะพะบ, total_similarity: 4.000
๐ฌ ะคะธะปัะผ 25: 5 ะพัะตะฝะพะบ, total_similarity: 5.000
๐ฌ ะคะธะปัะผ 28: 6 ะพัะตะฝะพะบ, total_similarity: 6.000
๐ฌ ะคะธะปัะผ 29: 3 ะพัะตะฝะพะบ, total_similarity: 3.000
๐ฌ ะคะธะปัะผ 47: 2 ะพัะตะฝะพะบ, total_similarity: 2.000
๐ฌ ะคะธะปัะผ 58: 2 ะพัะตะฝะพะบ, total_similarity: 2.000
๐ฌ ะคะธะปัะผ 69: 7 ะพัะตะฝะพะบ, total_similarity: 7.000
๐ฌ ะคะธะปัะผ 70: 3 ะพัะตะฝะพะบ, total_similarity: 3.000
๐ฌ ะคะธะปัะผ 83: 2 ะพัะตะฝะพะบ, total_similarity: 2.000
๐ฌ ะคะธะปัะผ 88: 4 ะพัะตะฝะพะบ, total_similarity: 4.000
๐ฌ ะคะธะปัะผ 94: 4 ะพัะตะฝะพะบ, total_similarity: 4.000
๐ฌ ะคะธะปัะผ 97: 5 ะพัะตะฝะพะบ, total_similarity: 5.000
๐ฌ ะคะธะปัะผ 98: 6 ะพัะตะฝะพะบ, total_similarity: 6.000
๐ฌ ะคะธะปัะผ 107: 2 ะพัะตะฝะพะบ, total_similarity: 2.000
๐ฌ ะคะธะปัะผ 109: 3 ะพัะตะฝะพะบ, total_similarity: 3.000
๐ฌ ะคะธะปัะผ 110: 2 ะพัะตะฝะพะบ, total_similarity: 2.000
๐ฌ ะคะธะปัะผ 111: 3 ะพัะตะฝะพะบ, total_similarity: 3.000
๐ฌ ะคะธะปัะผ 121: 10 ะพัะตะฝะพะบ, total_similarity: 10.000
๐ฌ ะคะธะปัะผ 123: 3 ะพัะตะฝะพะบ, total_similarity: 3.000
๐ฌ ะคะธะปัะผ 125: 4 ะพัะตะฝะพะบ, total_similarity: 4.000
๐ฌ ะคะธะปัะผ 135: 3 ะพัะตะฝะพะบ, total_similarity: 3.000
๐ฌ ะคะธะปัะผ 168: 4 ะพัะตะฝะพะบ, total_similarity: 4.000
๐ฌ ะคะธะปัะผ 173: 5 ะพัะตะฝะพะบ, total_similarity: 5.000
๐ฌ ะคะธะปัะผ 175: 3 ะพัะตะฝะพะบ, total_similarity: 3.000
๐ฌ ะคะธะปัะผ 180: 3 ะพัะตะฝะพะบ, total_similarity: 3.000
๐ฌ ะคะธะปัะผ 185: 4 ะพัะตะฝะพะบ, total_similarity: 4.000
๐ฌ ะคะธะปัะผ 191: 5 ะพัะตะฝะพะบ, total_similarity: 5.000
๐ฌ ะคะธะปัะผ 194: 5 ะพัะตะฝะพะบ, total_similarity: 5.000
๐ฌ ะคะธะปัะผ 196: 2 ะพัะตะฝะพะบ, total_similarity: 2.000
๐ฌ ะคะธะปัะผ 203: 3 ะพัะตะฝะพะบ, total_similarity: 3.000
๐ฌ ะคะธะปัะผ 204: 6 ะพัะตะฝะพะบ, total_similarity: 6.000
๐ฌ ะคะธะปัะผ 208: 4 ะพัะตะฝะพะบ, total_similarity: 4.000
๐ฌ ะคะธะปัะผ 211: 4 ะพัะตะฝะพะบ, total_similarity: 4.000
๐ฌ ะคะธะปัะผ 215: 4 ะพัะตะฝะพะบ, total_similarity: 4.000
๐ฌ ะคะธะปัะผ 216: 6 ะพัะตะฝะพะบ, total_similarity: 6.000
๐ฌ ะคะธะปัะผ 230: 4 ะพัะตะฝะพะบ, total_similarity: 4.000
๐ฌ ะคะธะปัะผ 237: 6 ะพัะตะฝะพะบ, total_similarity: 6.000
๐ฌ ะคะธะปัะผ 238: 4 ะพัะตะฝะพะบ, total_similarity: 4.000
๐ฌ ะคะธะปัะผ 268: 3 ะพัะตะฝะพะบ, total_similarity: 3.000
๐ฌ ะคะธะปัะผ 274: 2 ะพัะตะฝะพะบ, total_similarity: 2.000
๐ฌ ะคะธะปัะผ 277: 2 ะพัะตะฝะพะบ, total_similarity: 2.000
๐ฌ ะคะธะปัะผ 290: 2 ะพัะตะฝะพะบ, total_similarity: 2.000
๐ฌ ะคะธะปัะผ 318: 5 ะพัะตะฝะพะบ, total_similarity: 5.000
๐ฌ ะคะธะปัะผ 367: 3 ะพัะตะฝะพะบ, total_similarity: 3.000
๐ฌ ะคะธะปัะผ 372: 2 ะพัะตะฝะพะบ, total_similarity: 2.000
๐ฌ ะคะธะปัะผ 383: 2 ะพัะตะฝะพะบ, total_similarity: 2.000
๐ฌ ะคะธะปัะผ 386: 2 ะพัะตะฝะพะบ, total_similarity: 2.000
๐ฌ ะคะธะปัะผ 393: 4 ะพัะตะฝะพะบ, total_similarity: 4.000
๐ฌ ะคะธะปัะผ 395: 2 ะพัะตะฝะพะบ, total_similarity: 2.000
๐ฌ ะคะธะปัะผ 399: 2 ะพัะตะฝะพะบ, total_similarity: 2.000
๐ฌ ะคะธะปัะผ 401: 2 ะพัะตะฝะพะบ, total_similarity: 2.000
๐ฌ ะคะธะปัะผ 405: 10 ะพัะตะฝะพะบ, total_similarity: 10.000
๐ฌ ะคะธะปัะผ 423: 5 ะพัะตะฝะพะบ, total_similarity: 5.000
๐ฌ ะคะธะปัะผ 425: 2 ะพัะตะฝะพะบ, total_similarity: 2.000
๐ฌ ะคะธะปัะผ 427: 5 ะพัะตะฝะพะบ, total_similarity: 5.000
๐ฌ ะคะธะปัะผ 428: 2 ะพัะตะฝะพะบ, total_similarity: 2.000
๐ฌ ะคะธะปัะผ 429: 2 ะพัะตะฝะพะบ, total_similarity: 2.000
๐ฌ ะคะธะปัะผ 430: 3 ะพัะตะฝะพะบ, total_similarity: 3.000
๐ฌ ะคะธะปัะผ 433: 5 ะพัะตะฝะพะบ, total_similarity: 5.000
๐ฌ ะคะธะปัะผ 434: 2 ะพัะตะฝะพะบ, total_similarity: 2.000
๐ฌ ะคะธะปัะผ 449: 2 ะพัะตะฝะพะบ, total_similarity: 2.000
๐ฌ ะคะธะปัะผ 451: 3 ะพัะตะฝะพะบ, total_similarity: 3.000
๐ฌ ะคะธะปัะผ 455: 2 ะพัะตะฝะพะบ, total_similarity: 2.000
๐ฌ ะคะธะปัะผ 508: 6 ะพัะตะฝะพะบ, total_similarity: 6.000
๐ฌ ะคะธะปัะผ 517: 2 ะพัะตะฝะพะบ, total_similarity: 2.000
๐ฌ ะคะธะปัะผ 524: 3 ะพัะตะฝะพะบ, total_similarity: 3.000
๐ฌ ะคะธะปัะผ 526: 3 ะพัะตะฝะพะบ, total_similarity: 3.000
๐ฌ ะคะธะปัะผ 544: 2 ะพัะตะฝะพะบ, total_similarity: 2.000
๐ฌ ะคะธะปัะผ 558: 2 ะพัะตะฝะพะบ, total_similarity: 2.000
๐ฌ ะคะธะปัะผ 573: 2 ะพัะตะฝะพะบ, total_similarity: 2.000
๐ฌ ะคะธะปัะผ 597: 4 ะพัะตะฝะพะบ, total_similarity: 4.000
๐ฌ ะคะธะปัะผ 603: 4 ะพัะตะฝะพะบ, total_similarity: 4.000
๐ฌ ะคะธะปัะผ 654: 3 ะพัะตะฝะพะบ, total_similarity: 3.000
๐ฌ ะคะธะปัะผ 659: 2 ะพัะตะฝะพะบ, total_similarity: 2.000
๐ฌ ะคะธะปัะผ 660: 2 ะพัะตะฝะพะบ, total_similarity: 2.000
๐ฌ ะคะธะปัะผ 662: 2 ะพัะตะฝะพะบ, total_similarity: 2.000
๐ฌ ะคะธะปัะผ 692: 3 ะพัะตะฝะพะบ, total_similarity: 3.000
๐ฌ ะคะธะปัะผ 699: 3 ะพัะตะฝะพะบ, total_similarity: 3.000
๐ฌ ะคะธะปัะผ 713: 2 ะพัะตะฝะพะบ, total_similarity: 2.000
๐ฌ ะคะธะปัะผ 717: 2 ะพัะตะฝะพะบ, total_similarity: 2.000
๐ฌ ะคะธะปัะผ 720: 2 ะพัะตะฝะพะบ, total_similarity: 2.000
๐ฌ ะคะธะปัะผ 727: 2 ะพัะตะฝะพะบ, total_similarity: 2.000
๐ฌ ะคะธะปัะผ 729: 3 ะพัะตะฝะพะบ, total_similarity: 3.000
๐ฌ ะคะธะปัะผ 731: 2 ะพัะตะฝะพะบ, total_similarity: 2.000
๐ฌ ะคะธะปัะผ 732: 2 ะพัะตะฝะพะบ, total_similarity: 2.000
๐ฌ ะคะธะปัะผ 735: 3 ะพัะตะฝะพะบ, total_similarity: 3.000
๐ฌ ะคะธะปัะผ 736: 2 ะพัะตะฝะพะบ, total_similarity: 2.000
๐ฌ ะคะธะปัะผ 741: 2 ะพัะตะฝะพะบ, total_similarity: 2.000
๐ฌ ะคะธะปัะผ 742: 6 ะพัะตะฝะพะบ, total_similarity: 6.000
๐ฌ ะคะธะปัะผ 743: 2 ะพัะตะฝะพะบ, total_similarity: 2.000
๐ฌ ะคะธะปัะผ 745: 2 ะพัะตะฝะพะบ, total_similarity: 2.000
๐ฌ ะคะธะปัะผ 748: 2 ะพัะตะฝะพะบ, total_similarity: 2.000
๐ฌ ะคะธะปัะผ 751: 3 ะพัะตะฝะพะบ, total_similarity: 3.000
๐ฌ ะคะธะปัะผ 4: 2 ะพัะตะฝะพะบ, total_similarity: 2.000
๐ฌ ะคะธะปัะผ 71: 5 ะพัะตะฝะพะบ, total_similarity: 5.000
๐ฌ ะคะธะปัะผ 132: 5 ะพัะตะฝะพะบ, total_similarity: 5.000
๐ฌ ะคะธะปัะผ 133: 3 ะพัะตะฝะพะบ, total_similarity: 3.000
๐ฌ ะคะธะปัะผ 143: 3 ะพัะตะฝะพะบ, total_similarity: 3.000
๐ฌ ะคะธะปัะผ 161: 6 ะพัะตะฝะพะบ, total_similarity: 6.000
๐ฌ ะคะธะปัะผ 170: 2 ะพัะตะฝะพะบ, total_similarity: 2.000
๐ฌ ะคะธะปัะผ 200: 4 ะพัะตะฝะพะบ, total_similarity: 4.000
๐ฌ ะคะธะปัะผ 202: 4 ะพัะตะฝะพะบ, total_similarity: 4.000
๐ฌ ะคะธะปัะผ 282: 3 ะพัะตะฝะพะบ, total_similarity: 3.000
๐ฌ ะคะธะปัะผ 392: 2 ะพัะตะฝะพะบ, total_similarity: 2.000
๐ฌ ะคะธะปัะผ 416: 2 ะพัะตะฝะพะบ, total_similarity: 2.000
๐ฌ ะคะธะปัะผ 471: 3 ะพัะตะฝะพะบ, total_similarity: 3.000
๐ฌ ะคะธะปัะผ 480: 3 ะพัะตะฝะพะบ, total_similarity: 3.000
๐ฌ ะคะธะปัะผ 708: 2 ะพัะตะฝะพะบ, total_similarity: 2.000
๐ฌ ะคะธะปัะผ 95: 4 ะพัะตะฝะพะบ, total_similarity: 4.000
๐ฌ ะคะธะปัะผ 118: 6 ะพัะตะฝะพะบ, total_similarity: 6.000
๐ฌ ะคะธะปัะผ 148: 2 ะพัะตะฝะพะบ, total_similarity: 2.000
๐ฌ ะคะธะปัะผ 151: 5 ะพัะตะฝะพะบ, total_similarity: 5.000
๐ฌ ะคะธะปัะผ 186: 3 ะพัะตะฝะพะบ, total_similarity: 3.000
๐ฌ ะคะธะปัะผ 252: 3 ะพัะตะฝะพะบ, total_similarity: 3.000
๐ฌ ะคะธะปัะผ 323: 2 ะพัะตะฝะพะบ, total_similarity: 2.000
๐ฌ ะคะธะปัะผ 378: 2 ะพัะตะฝะพะบ, total_similarity: 2.000
๐ฌ ะคะธะปัะผ 496: 4 ะพัะตะฝะพะบ, total_similarity: 4.000
๐ฌ ะคะธะปัะผ 498: 3 ะพัะตะฝะพะบ, total_similarity: 3.000
๐ฌ ะคะธะปัะผ 588: 3 ะพัะตะฝะพะบ, total_similarity: 3.000
๐ฌ ะคะธะปัะผ 633: 2 ะพัะตะฝะพะบ, total_similarity: 2.000
๐ฌ ะคะธะปัะผ 678: 4 ะพัะตะฝะพะบ, total_similarity: 4.000
๐ฌ ะคะธะปัะผ 763: 3 ะพัะตะฝะพะบ, total_similarity: 3.000
๐ฌ ะคะธะปัะผ 2: 2 ะพัะตะฝะพะบ, total_similarity: 2.000
๐ฌ ะคะธะปัะผ 21: 2 ะพัะตะฝะพะบ, total_similarity: 2.000
๐ฌ ะคะธะปัะผ 62: 2 ะพัะตะฝะพะบ, total_similarity: 2.000
๐ฌ ะคะธะปัะผ 68: 2 ะพัะตะฝะพะบ, total_similarity: 2.000
๐ฌ ะคะธะปัะผ 105: 3 ะพัะตะฝะพะบ, total_similarity: 3.000
๐ฌ ะคะธะปัะผ 117: 7 ะพัะตะฝะพะบ, total_similarity: 7.000
๐ฌ ะคะธะปัะผ 128: 2 ะพัะตะฝะพะบ, total_similarity: 2.000
๐ฌ ะคะธะปัะผ 153: 4 ะพัะตะฝะพะบ, total_similarity: 4.000
๐ฌ ะคะธะปัะผ 163: 2 ะพัะตะฝะพะบ, total_similarity: 2.000
๐ฌ ะคะธะปัะผ 184: 2 ะพัะตะฝะพะบ, total_similarity: 2.000
๐ฌ ะคะธะปัะผ 209: 3 ะพัะตะฝะพะบ, total_similarity: 3.000
๐ฌ ะคะธะปัะผ 226: 3 ะพัะตะฝะพะบ, total_similarity: 3.000
๐ฌ ะคะธะปัะผ 231: 3 ะพัะตะฝะพะบ, total_similarity: 3.000
๐ฌ ะคะธะปัะผ 250: 2 ะพัะตะฝะพะบ, total_similarity: 2.000
๐ฌ ะคะธะปัะผ 265: 3 ะพัะตะฝะพะบ, total_similarity: 3.000
๐ฌ ะคะธะปัะผ 384: 2 ะพัะตะฝะพะบ, total_similarity: 2.000
๐ฌ ะคะธะปัะผ 411: 4 ะพัะตะฝะพะบ, total_similarity: 4.000
๐ฌ ะคะธะปัะผ 502: 2 ะพัะตะฝะพะบ, total_similarity: 2.000
๐ฌ ะคะธะปัะผ 515: 2 ะพัะตะฝะพะบ, total_similarity: 2.000
๐ฌ ะคะธะปัะผ 523: 3 ะพัะตะฝะพะบ, total_similarity: 3.000
๐ฌ ะคะธะปัะผ 546: 4 ะพัะตะฝะพะบ, total_similarity: 4.000
๐ฌ ะคะธะปัะผ 665: 3 ะพัะตะฝะพะบ, total_similarity: 3.000
๐ฌ ะคะธะปัะผ 683: 2 ะพัะตะฝะพะบ, total_similarity: 2.000
๐ฌ ะคะธะปัะผ 780: 3 ะพัะตะฝะพะบ, total_similarity: 3.000
๐ฌ ะคะธะปัะผ 871: 2 ะพัะตะฝะพะบ, total_similarity: 2.000
๐ฌ ะคะธะปัะผ 926: 2 ะพัะตะฝะพะบ, total_similarity: 2.000
๐ฌ ะคะธะปัะผ 948: 2 ะพัะตะฝะพะบ, total_similarity: 2.000
๐ฌ ะคะธะปัะผ 988: 2 ะพัะตะฝะพะบ, total_similarity: 2.000
๐ฌ ะคะธะปัะผ 64: 4 ะพัะตะฝะพะบ, total_similarity: 4.000
๐ฌ ะคะธะปัะผ 92: 2 ะพัะตะฝะพะบ, total_similarity: 2.000
๐ฌ ะคะธะปัะผ 129: 2 ะพัะตะฝะพะบ, total_similarity: 2.000
๐ฌ ะคะธะปัะผ 178: 3 ะพัะตะฝะพะบ, total_similarity: 3.000
๐ฌ ะคะธะปัะผ 275: 4 ะพัะตะฝะพะบ, total_similarity: 4.000
๐ฌ ะคะธะปัะผ 289: 3 ะพัะตะฝะพะบ, total_similarity: 3.000
๐ฌ ะคะธะปัะผ 475: 4 ะพัะตะฝะพะบ, total_similarity: 4.000
๐ฌ ะคะธะปัะผ 582: 2 ะพัะตะฝะพะบ, total_similarity: 2.000
๐ฌ ะคะธะปัะผ 655: 2 ะพัะตะฝะพะบ, total_similarity: 2.000
๐ฌ ะคะธะปัะผ 919: 2 ะพัะตะฝะพะบ, total_similarity: 2.000
๐ฌ ะคะธะปัะผ 1007: 2 ะพัะตะฝะพะบ, total_similarity: 2.000
๐ฌ ะคะธะปัะผ 257: 4 ะพัะตะฝะพะบ, total_similarity: 4.000
๐ฌ ะคะธะปัะผ 313: 3 ะพัะตะฝะพะบ, total_similarity: 3.000
๐ฌ ะคะธะปัะผ 315: 2 ะพัะตะฝะพะบ, total_similarity: 2.000
๐ฌ ะคะธะปัะผ 319: 2 ะพัะตะฝะพะบ, total_similarity: 2.000
๐ฌ ะคะธะปัะผ 531: 2 ะพัะตะฝะพะบ, total_similarity: 2.000
๐ฌ ะคะธะปัะผ 539: 2 ะพัะตะฝะพะบ, total_similarity: 2.000
๐ฌ ะคะธะปัะผ 147: 2 ะพัะตะฝะพะบ, total_similarity: 2.000
๐ฌ ะคะธะปัะผ 472: 2 ะพัะตะฝะพะบ, total_similarity: 2.000
๐ฌ ะคะธะปัะผ 827: 2 ะพัะตะฝะพะบ, total_similarity: 2.000
๐ฌ ะคะธะปัะผ 833: 2 ะพัะตะฝะพะบ, total_similarity: 2.000
๐ฌ ะคะธะปัะผ 122: 2 ะพัะตะฝะพะบ, total_similarity: 2.000
๐ฌ ะคะธะปัะผ 162: 2 ะพัะตะฝะพะบ, total_similarity: 2.000
๐ฌ ะคะธะปัะผ 218: 2 ะพัะตะฝะพะบ, total_similarity: 2.000
๐ฌ ะคะธะปัะผ 225: 2 ะพัะตะฝะพะบ, total_similarity: 2.000
๐ฌ ะคะธะปัะผ 234: 2 ะพัะตะฝะพะบ, total_similarity: 2.000
๐ฌ ะคะธะปัะผ 326: 2 ะพัะตะฝะพะบ, total_similarity: 2.000
๐ฌ ะคะธะปัะผ 404: 2 ะพัะตะฝะพะบ, total_similarity: 2.000
๐ฌ ะคะธะปัะผ 409: 2 ะพัะตะฝะพะบ, total_similarity: 2.000
๐ฌ ะคะธะปัะผ 418: 2 ะพัะตะฝะพะบ, total_similarity: 2.000
๐ฌ ะคะธะปัะผ 419: 2 ะพัะตะฝะพะบ, total_similarity: 2.000
๐ฌ ะคะธะปัะผ 420: 2 ะพัะตะฝะพะบ, total_similarity: 2.000
๐ฌ ะคะธะปัะผ 445: 2 ะพัะตะฝะพะบ, total_similarity: 2.000
๐ฌ ะคะธะปัะผ 501: 2 ะพัะตะฝะพะบ, total_similarity: 2.000
๐ฌ ะคะธะปัะผ 616: 2 ะพัะตะฝะพะบ, total_similarity: 2.000
๐ฌ ะคะธะปัะผ 637: 2 ะพัะตะฝะพะบ, total_similarity: 2.000
๐ฌ ะคะธะปัะผ 673: 2 ะพัะตะฝะพะบ, total_similarity: 2.000
๐ฌ ะคะธะปัะผ 679: 2 ะพัะตะฝะพะบ, total_similarity: 2.000
๐ฌ ะคะธะปัะผ 1016: 2 ะพัะตะฝะพะบ, total_similarity: 2.000
๐ฌ ะคะธะปัะผ 1028: 2 ะพัะตะฝะพะบ, total_similarity: 2.000
๐ฌ ะคะธะปัะผ 136: 3 ะพัะตะฝะพะบ, total_similarity: 3.000
๐ฌ ะคะธะปัะผ 302: 3 ะพัะตะฝะพะบ, total_similarity: 3.000
๐ฌ ะคะธะปัะผ 519: 2 ะพัะตะฝะพะบ, total_similarity: 2.000
๐ฌ ะคะธะปัะผ 528: 2 ะพัะตะฝะพะบ, total_similarity: 2.000
๐ฌ ะคะธะปัะผ 529: 2 ะพัะตะฝะพะบ, total_similarity: 2.000
๐ฌ ะคะธะปัะผ 609: 2 ะพัะตะฝะพะบ, total_similarity: 2.000
๐ฌ ะคะธะปัะผ 650: 2 ะพัะตะฝะพะบ, total_similarity: 2.000
๐ฌ ะคะธะปัะผ 656: 2 ะพัะตะฝะพะบ, total_similarity: 2.000
๐ฌ ะคะธะปัะผ 661: 2 ะพัะตะฝะพะบ, total_similarity: 2.000
๐ฌ ะคะธะปัะผ 124: 2 ะพัะตะฝะพะบ, total_similarity: 2.000
๐ฌ ะคะธะปัะผ 1084: 2 ะพัะตะฝะพะบ, total_similarity: 2.000
๐ฌ ะคะธะปัะผ 134: 2 ะพัะตะฝะพะบ, total_similarity: 2.000
๐ฌ ะคะธะปัะผ 485: 2 ะพัะตะฝะพะบ, total_similarity: 2.000
๐ฌ ะคะธะปัะผ 705: 2 ะพัะตะฝะพะบ, total_similarity: 2.000
๐ฌ ะคะธะปัะผ 13: 3 ะพัะตะฝะพะบ, total_similarity: 3.000
๐ฌ ะคะธะปัะผ 126: 2 ะพัะตะฝะพะบ, total_similarity: 2.000
๐ฌ ะคะธะปัะผ 235: 2 ะพัะตะฝะพะบ, total_similarity: 2.000
๐ฌ ะคะธะปัะผ 285: 2 ะพัะตะฝะพะบ, total_similarity: 2.000
๐ฌ ะคะธะปัะผ 333: 2 ะพัะตะฝะพะบ, total_similarity: 2.000
๐ฌ ะคะธะปัะผ 1089: 2 ะพัะตะฝะพะบ, total_similarity: 2.000
๐ฌ ะคะธะปัะผ 272: 2 ะพัะตะฝะพะบ, total_similarity: 2.000
๐ฌ ะคะธะปัะผ 1047: 2 ะพัะตะฝะพะบ, total_similarity: 2.000
๐ฌ ะคะธะปัะผ 245: 2 ะพัะตะฝะพะบ, total_similarity: 2.000
๐ ะะฐัััะธัะฐะฝะพ ัะตะนัะธะฝะณะพะฒ: 289
๐ ะขะพะฟ ัะตะบะพะผะตะฝะดะฐัะธะธ:
   1. Casablanca (1942): 5.00
   2. Much Ado About Nothing (1993): 5.00
   3. Dead Poets Society (1989): 5.00
   4. Restoration (1995): 5.00
   5. Day the Earth Stood Still, The (1951): 5.00
Failed to fetch updates - TelegramNetworkError: HTTP Client says - ServerDisconnectedError: Server disconnected
Sleep for 1.000000 seconds and try again... (tryings = 0, bot id = 7621115250)
Traceback (most recent call last):
  File "C:\Users\akper\AppData\Local\Programs\Python\Python312\Lib\asyncio\runners.py", line 118, in run
    return self._loop.run_until_complete(task)
           ^^^^^^^^^^^^^^^^^^^^^^^^^^^^^^^^^^^
  File "C:\Users\akper\AppData\Local\Programs\Python\Python312\Lib\asyncio\base_events.py", line 687, in run_until_complete
    return future.result()
           ^^^^^^^^^^^^^^^
  File "c:\misisedu\cw-expert-recsys\lab03\bot.py", line 231, in main
  File "C:\Users\akper\AppData\Local\Programs\Python\Python312\Lib\site-packages\aiogram\dispatcher\dispatcher.py", line 583, in start_polling
    done, pending = await asyncio.wait(tasks, return_when=asyncio.FIRST_COMPLETED)
                    ^^^^^^^^^^^^^^^^^^^^^^^^^^^^^^^^^^^^^^^^^^^^^^^^^^^^^^^^^^^^^^
  File "C:\Users\akper\AppData\Local\Programs\Python\Python312\Lib\asyncio\tasks.py", line 464, in wait
    return await _wait(fs, timeout, return_when, loop)
           ^^^^^^^^^^^^^^^^^^^^^^^^^^^^^^^^^^^^^^^^^^^
  File "C:\Users\akper\AppData\Local\Programs\Python\Python312\Lib\asyncio\tasks.py", line 550, in _wait
    await waiter
asyncio.exceptions.CancelledError

During handling of the above exception, another exception occurred:

Traceback (most recent call last):
  File "c:\misisedu\cw-expert-recsys\lab03\bot.py", line 234, in <module>
  File "C:\Users\akper\AppData\Local\Programs\Python\Python312\Lib\asyncio\runners.py", line 194, in run
    return runner.run(main)
           ^^^^^^^^^^^^^^^^
  File "C:\Users\akper\AppData\Local\Programs\Python\Python312\Lib\asyncio\runners.py", line 123, in run
    raise KeyboardInterrupt()
KeyboardInterrupt
PS C:\misisedu\cw-expert-recsys\lab03> & C:/Users/akper/AppData/Local/Programs/Python/Python312/python.exe c:/misisedu/cw-expert-recsys/lab03/bot.py
ะะฐะณััะถะตะฝะพ 1682 ะฝะฐะทะฒะฐะฝะธะน ัะธะปัะผะพะฒ
ะะฐะฝะฝัะต ะทะฐะณััะถะตะฝั, ะฑะพั ะทะฐะฟััะบะฐะตััั...
๐ ะะะะขะฃะะะฌะะซะ ะะะะฌะะะะะขะะะฌ ะฒัะฑัะฐะป ัะธะปัะผั: [50, 100, 1]
   - 50: Star Wars (1977) = 5.0
   - 100: Fargo (1996) = 5.0
   - 1: Toy Story (1995) = 5.0
๐ฅ ะะฐะฝะดะธะดะฐัะพะฒ ะดะปั ััะฐะฒะฝะตะฝะธั: 727 ะฟะพะปัะทะพะฒะฐัะตะปะตะน

๐ ะะะะะะะกะขะะะ User 1:
   ะะฑัะธะต ัะธะปัะผั: {1, 50, 100}
   - Toy Story (1995): virtual=5.0, real=5.0
   - Star Wars (1977): virtual=5.0, real=5.0
   - Fargo (1996): virtual=5.0, real=5.0
   ะะตะบัะพั virtual: [5.0, 5.0, 5.0]
   ะะตะบัะพั real: [5.0, 5.0, 5.0]
   ะััะธัะปะตะฝะฝะพะต ััะพะดััะฒะพ: 0.9999999999999998

๐ ะะะะะะะกะขะะะ User 2:
   ะะฑัะธะต ัะธะปัะผั: {1, 50, 100}
   - Toy Story (1995): virtual=5.0, real=4.0
   - Star Wars (1977): virtual=5.0, real=5.0
   - Fargo (1996): virtual=5.0, real=5.0
   ะะตะบัะพั virtual: [5.0, 5.0, 5.0]
   ะะตะบัะพั real: [4.0, 5.0, 5.0]
   ะััะธัะปะตะฝะฝะพะต ััะพะดััะฒะพ: 0.9949366763261819

๐ ะะะะะะะกะขะะะ User 4:
   ะะฑัะธะต ัะธะปัะผั: {50}
   - Star Wars (1977): virtual=5.0, real=5.0
   ะะตะบัะพั virtual: [5.0]
   ะะตะบัะพั real: [5.0]
   ะััะธัะปะตะฝะฝะพะต ััะพะดััะฒะพ: 1.0
... (ะพััะฐะปัะฝัะต ะฟะพะปัะทะพะฒะฐัะตะปะธ ะฟัะพะฟััะบะฐัััั ะดะปั ะดะธะฐะณะฝะพััะธะบะธ)

๐ฏ ะัะตะดะฒะฐัะธัะตะปัะฝะพ ะฝะฐะนะดะตะฝะพ ะฟะพัะพะถะธั ะฟะพะปัะทะพะฒะฐัะตะปะตะน: 3
โธ๏ธ  ะะธะฐะณะฝะพััะธะบะฐ ะทะฐะฒะตััะตะฝะฐ, ะพััะฐะปัะฝะฐั ะปะพะณะธะบะฐ ะฒัะตะผะตะฝะฝะพ ะฟัะพะฟััะตะฝะฐ